build/Android_Qt_6_7_2_Clang_arm64_v8a-Debug/android-build/build/intermediates/manifest_merge_blame_file/debug/manifest-merger-blame-debug-report.txt
1<?xml version="1.0" encoding="utf-8"?>
2<manifest xmlns:android="http://schemas.android.com/apk/res/android"
3    package="org.PaneckiEmil.Localizator"
4    android:installLocation="auto"
5    android:versionCode="1"
6    android:versionName="1.0" >
7
8    <uses-sdk
9        android:minSdkVersion="23"
9-->Android_Qt_6_7_2_Clang_arm64_v8a-Debug/android-build/AndroidManifest.xml
10        android:targetSdkVersion="34" />
10-->Android_Qt_6_7_2_Clang_arm64_v8a-Debug/android-build/AndroidManifest.xml
11
12    <uses-permission android:name="android.permission.ACCESS_FINE_LOCATION" />
12-->Android_Qt_6_7_2_Clang_arm64_v8a-Debug/android-build/AndroidManifest.xml:3:5-79
12-->Android_Qt_6_7_2_Clang_arm64_v8a-Debug/android-build/AndroidManifest.xml:3:22-76
13    <uses-permission android:name="android.permission.ACCESS_NETWORK_STATE" />
13-->Android_Qt_6_7_2_Clang_arm64_v8a-Debug/android-build/AndroidManifest.xml:4:5-79
13-->Android_Qt_6_7_2_Clang_arm64_v8a-Debug/android-build/AndroidManifest.xml:4:22-76
14    <uses-permission android:name="android.permission.INTERNET" />
14-->Android_Qt_6_7_2_Clang_arm64_v8a-Debug/android-build/AndroidManifest.xml:5:5-67
14-->Android_Qt_6_7_2_Clang_arm64_v8a-Debug/android-build/AndroidManifest.xml:5:22-64
15    <uses-permission android:name="android.permission.WRITE_EXTERNAL_STORAGE" />
15-->Android_Qt_6_7_2_Clang_arm64_v8a-Debug/android-build/AndroidManifest.xml:6:5-81
15-->Android_Qt_6_7_2_Clang_arm64_v8a-Debug/android-build/AndroidManifest.xml:6:22-78
16
17    <supports-screens
17-->Android_Qt_6_7_2_Clang_arm64_v8a-Debug/android-build/AndroidManifest.xml:8:5-135
18        android:anyDensity="true"
18-->Android_Qt_6_7_2_Clang_arm64_v8a-Debug/android-build/AndroidManifest.xml:8:23-48
19        android:largeScreens="true"
19-->Android_Qt_6_7_2_Clang_arm64_v8a-Debug/android-build/AndroidManifest.xml:8:49-76
20        android:normalScreens="true"
20-->Android_Qt_6_7_2_Clang_arm64_v8a-Debug/android-build/AndroidManifest.xml:8:77-105
21        android:smallScreens="true" />
21-->Android_Qt_6_7_2_Clang_arm64_v8a-Debug/android-build/AndroidManifest.xml:8:106-133
22
23    <uses-permission android:name="android.permission.INTERNET" />
23-->Android_Qt_6_7_2_Clang_arm64_v8a-Debug/android-build/AndroidManifest.xml:5:5-67
23-->Android_Qt_6_7_2_Clang_arm64_v8a-Debug/android-build/AndroidManifest.xml:5:22-64
24    <uses-permission android:name="android.permission.ACCESS_COARSE_LOCATION" />
24-->Android_Qt_6_7_2_Clang_arm64_v8a-Debug/android-build/AndroidManifest.xml:24:5-80
24-->Android_Qt_6_7_2_Clang_arm64_v8a-Debug/android-build/AndroidManifest.xml:24:22-78
25    <uses-permission android:name="android.permission.CONTROL_LOCATION_UPDATES" />
25-->Android_Qt_6_7_2_Clang_arm64_v8a-Debug/android-build/AndroidManifest.xml:25:5-82
25-->Android_Qt_6_7_2_Clang_arm64_v8a-Debug/android-build/AndroidManifest.xml:25:22-80
26    <uses-permission android:name="android.permission.VIBRATE" />
26-->Android_Qt_6_7_2_Clang_arm64_v8a-Debug/android-build/AndroidManifest.xml:26:5-65
26-->Android_Qt_6_7_2_Clang_arm64_v8a-Debug/android-build/AndroidManifest.xml:26:22-63
27    <uses-permission android:name="android.permission.ACCESS_FINE_LOCATION" />
27-->Android_Qt_6_7_2_Clang_arm64_v8a-Debug/android-build/AndroidManifest.xml:3:5-79
27-->Android_Qt_6_7_2_Clang_arm64_v8a-Debug/android-build/AndroidManifest.xml:3:22-76
28
29    <permission
29-->[androidx.core:core:1.13.1] AndroidManifest.xml:22:5-24:47
30        android:name="org.PaneckiEmil.Localizator.DYNAMIC_RECEIVER_NOT_EXPORTED_PERMISSION"
30-->[androidx.core:core:1.13.1] AndroidManifest.xml:23:9-81
31        android:protectionLevel="signature" />
31-->[androidx.core:core:1.13.1] AndroidManifest.xml:24:9-44
32
33    <uses-permission android:name="org.PaneckiEmil.Localizator.DYNAMIC_RECEIVER_NOT_EXPORTED_PERMISSION" />
33-->[androidx.core:core:1.13.1] AndroidManifest.xml:26:5-97
33-->[androidx.core:core:1.13.1] AndroidManifest.xml:26:22-94
34
35    <application
35-->Android_Qt_6_7_2_Clang_arm64_v8a-Debug/android-build/AndroidManifest.xml:9:5-22:19
36        android:name="org.qtproject.qt.android.bindings.QtApplication"
36-->Android_Qt_6_7_2_Clang_arm64_v8a-Debug/android-build/AndroidManifest.xml:9:18-80
37        android:allowBackup="true"
37-->Android_Qt_6_7_2_Clang_arm64_v8a-Debug/android-build/AndroidManifest.xml:9:191-217
38        android:appComponentFactory="androidx.core.app.CoreComponentFactory"
38-->[androidx.core:core:1.13.1] AndroidManifest.xml:28:18-86
39        android:debuggable="true"
40        android:fullBackupOnly="false"
40-->Android_Qt_6_7_2_Clang_arm64_v8a-Debug/android-build/AndroidManifest.xml:9:218-248
41        android:hardwareAccelerated="true"
41-->Android_Qt_6_7_2_Clang_arm64_v8a-Debug/android-build/AndroidManifest.xml:9:81-115
42        android:label="appLocalizator"
42-->Android_Qt_6_7_2_Clang_arm64_v8a-Debug/android-build/AndroidManifest.xml:9:116-146
43        android:requestLegacyExternalStorage="true" >
43-->Android_Qt_6_7_2_Clang_arm64_v8a-Debug/android-build/AndroidManifest.xml:9:147-190
44        <activity
44-->Android_Qt_6_7_2_Clang_arm64_v8a-Debug/android-build/AndroidManifest.xml:10:9-17:20
45            android:name="org.qtproject.qt.android.bindings.QtActivity"
45-->Android_Qt_6_7_2_Clang_arm64_v8a-Debug/android-build/AndroidManifest.xml:10:19-78
46            android:configChanges="orientation|uiMode|screenLayout|screenSize|smallestScreenSize|layoutDirection|locale|fontScale|keyboard|keyboardHidden|navigation|mcc|mnc|density"
46-->Android_Qt_6_7_2_Clang_arm64_v8a-Debug/android-build/AndroidManifest.xml:10:79-248
47            android:exported="true"
47-->Android_Qt_6_7_2_Clang_arm64_v8a-Debug/android-build/AndroidManifest.xml:10:320-343
48            android:label=""
48-->Android_Qt_6_7_2_Clang_arm64_v8a-Debug/android-build/AndroidManifest.xml:10:344-360
49            android:launchMode="singleTop"
49-->Android_Qt_6_7_2_Clang_arm64_v8a-Debug/android-build/AndroidManifest.xml:10:249-279
50            android:screenOrientation="unspecified" >
50-->Android_Qt_6_7_2_Clang_arm64_v8a-Debug/android-build/AndroidManifest.xml:10:280-319
51            <intent-filter>
51-->Android_Qt_6_7_2_Clang_arm64_v8a-Debug/android-build/AndroidManifest.xml:11:13-14:29
52                <action android:name="android.intent.action.MAIN" />
52-->Android_Qt_6_7_2_Clang_arm64_v8a-Debug/android-build/AndroidManifest.xml:12:17-68
52-->Android_Qt_6_7_2_Clang_arm64_v8a-Debug/android-build/AndroidManifest.xml:12:25-66
53
54                <category android:name="android.intent.category.LAUNCHER" />
54-->Android_Qt_6_7_2_Clang_arm64_v8a-Debug/android-build/AndroidManifest.xml:13:17-76
54-->Android_Qt_6_7_2_Clang_arm64_v8a-Debug/android-build/AndroidManifest.xml:13:27-74
55            </intent-filter>
56
57            <meta-data
57-->Android_Qt_6_7_2_Clang_arm64_v8a-Debug/android-build/AndroidManifest.xml:15:13-92
58                android:name="android.app.lib_name"
58-->Android_Qt_6_7_2_Clang_arm64_v8a-Debug/android-build/AndroidManifest.xml:15:24-59
59                android:value="appLocalizator" />
59-->Android_Qt_6_7_2_Clang_arm64_v8a-Debug/android-build/AndroidManifest.xml:15:60-90
60            <meta-data
60-->Android_Qt_6_7_2_Clang_arm64_v8a-Debug/android-build/AndroidManifest.xml:16:13-79
61                android:name="android.app.arguments"
61-->Android_Qt_6_7_2_Clang_arm64_v8a-Debug/android-build/AndroidManifest.xml:16:24-60
62                android:value="" />
62-->Android_Qt_6_7_2_Clang_arm64_v8a-Debug/android-build/AndroidManifest.xml:16:61-77
63        </activity>
64
65        <provider
66            android:name="androidx.core.content.FileProvider"
66-->Android_Qt_6_7_2_Clang_arm64_v8a-Debug/android-build/AndroidManifest.xml:19:19-68
67            android:authorities="org.PaneckiEmil.Localizator.qtprovider"
67-->Android_Qt_6_7_2_Clang_arm64_v8a-Debug/android-build/AndroidManifest.xml:19:69-118
68            android:exported="false"
68-->Android_Qt_6_7_2_Clang_arm64_v8a-Debug/android-build/AndroidManifest.xml:19:119-143
69            android:grantUriPermissions="true" >
69-->Android_Qt_6_7_2_Clang_arm64_v8a-Debug/android-build/AndroidManifest.xml:19:144-178
70            <meta-data
70-->Android_Qt_6_7_2_Clang_arm64_v8a-Debug/android-build/AndroidManifest.xml:20:13-117
71                android:name="android.support.FILE_PROVIDER_PATHS"
71-->Android_Qt_6_7_2_Clang_arm64_v8a-Debug/android-build/AndroidManifest.xml:20:24-74
72                android:resource="@xml/qtprovider_paths" />
72-->Android_Qt_6_7_2_Clang_arm64_v8a-Debug/android-build/AndroidManifest.xml:20:75-115
73        </provider>
74        <provider
74-->[androidx.profileinstaller:profileinstaller:1.3.0] AndroidManifest.xml:24:9-32:20
75            android:name="androidx.startup.InitializationProvider"
75-->[androidx.profileinstaller:profileinstaller:1.3.0] AndroidManifest.xml:25:13-67
76            android:authorities="org.PaneckiEmil.Localizator.androidx-startup"
76-->[androidx.profileinstaller:profileinstaller:1.3.0] AndroidManifest.xml:26:13-68
77            android:exported="false" >
77-->[androidx.profileinstaller:profileinstaller:1.3.0] AndroidManifest.xml:27:13-37
78            <meta-data
78-->[androidx.profileinstaller:profileinstaller:1.3.0] AndroidManifest.xml:29:13-31:52
79                android:name="androidx.profileinstaller.ProfileInstallerInitializer"
79-->[androidx.profileinstaller:profileinstaller:1.3.0] AndroidManifest.xml:30:17-85
80                android:value="androidx.startup" />
80-->[androidx.profileinstaller:profileinstaller:1.3.0] AndroidManifest.xml:31:17-49
81        </provider>
82
83        <receiver
83-->[androidx.profileinstaller:profileinstaller:1.3.0] AndroidManifest.xml:34:9-52:20
84            android:name="androidx.profileinstaller.ProfileInstallReceiver"
84-->[androidx.profileinstaller:profileinstaller:1.3.0] AndroidManifest.xml:35:13-76
85            android:directBootAware="false"
85-->[androidx.profileinstaller:profileinstaller:1.3.0] AndroidManifest.xml:36:13-44
86            android:enabled="true"
86-->[androidx.profileinstaller:profileinstaller:1.3.0] AndroidManifest.xml:37:13-35
87            android:exported="true"
87-->[androidx.profileinstaller:profileinstaller:1.3.0] AndroidManifest.xml:38:13-36
88            android:permission="android.permission.DUMP" >
88-->[androidx.profileinstaller:profileinstaller:1.3.0] AndroidManifest.xml:39:13-57
89            <intent-filter>
89-->[androidx.profileinstaller:profileinstaller:1.3.0] AndroidManifest.xml:40:13-42:29
90                <action android:name="androidx.profileinstaller.action.INSTALL_PROFILE" />
90-->[androidx.profileinstaller:profileinstaller:1.3.0] AndroidManifest.xml:41:17-91
90-->[androidx.profileinstaller:profileinstaller:1.3.0] AndroidManifest.xml:41:25-88
91            </intent-filter>
92            <intent-filter>
92-->[androidx.profileinstaller:profileinstaller:1.3.0] AndroidManifest.xml:43:13-45:29
93                <action android:name="androidx.profileinstaller.action.SKIP_FILE" />
93-->[androidx.profileinstaller:profileinstaller:1.3.0] AndroidManifest.xml:44:17-85
93-->[androidx.profileinstaller:profileinstaller:1.3.0] AndroidManifest.xml:44:25-82
94            </intent-filter>
95            <intent-filter>
95-->[androidx.profileinstaller:profileinstaller:1.3.0] AndroidManifest.xml:46:13-48:29
96                <action android:name="androidx.profileinstaller.action.SAVE_PROFILE" />
96-->[androidx.profileinstaller:profileinstaller:1.3.0] AndroidManifest.xml:47:17-88
96-->[androidx.profileinstaller:profileinstaller:1.3.0] AndroidManifest.xml:47:25-85
97            </intent-filter>
98            <intent-filter>
98-->[androidx.profileinstaller:profileinstaller:1.3.0] AndroidManifest.xml:49:13-51:29
99                <action android:name="androidx.profileinstaller.action.BENCHMARK_OPERATION" />
99-->[androidx.profileinstaller:profileinstaller:1.3.0] AndroidManifest.xml:50:17-95
99-->[androidx.profileinstaller:profileinstaller:1.3.0] AndroidManifest.xml:50:25-92
100            </intent-filter>
101        </receiver>
102    </application>
103
104</manifest>